Error: Unable to access jarfile /home/mrcgddmy/public_html/modern-foodies-india/foodali-webapi/fapi.jar
Error: Unable to access jarfile /home/mrcgddmy/public_html/modern-foodies-india/foodali-webapi/fapi.jar

  .   ____          _            __ _ _
 /\\ / ___'_ __ _ _(_)_ __  __ _ \ \ \ \
( ( )\___ | '_ | '_| | '_ \/ _` | \ \ \ \
 \\/  ___)| |_)| | | | | || (_| |  ) ) ) )
  '  |____| .__|_| |_|_| |_\__, | / / / /
 =========|_|==============|___/=/_/_/_/
 :: Spring Boot ::        (v2.1.7.RELEASE)

2019-09-06 23:24:04.465  INFO 12286 --- [           main] com.example.demo.DemoApplication         : Starting DemoApplication v0.0.1-SNAPSHOT on rajkishorcomp with PID 12286 (/home/rajkishor/Desktop/foodali/modern-foodies-india/foodali-webapi/fapi.jar started by rajkishor in /home/rajkishor/Desktop/foodali/modern-foodies-india/foodali-webapi)
2019-09-06 23:24:04.471  INFO 12286 --- [           main] com.example.demo.DemoApplication         : No active profile set, falling back to default profiles: default
2019-09-06 23:24:06.168  INFO 12286 --- [           main] .s.d.r.c.RepositoryConfigurationDelegate : Bootstrapping Spring Data repositories in DEFAULT mode.
2019-09-06 23:24:06.417  INFO 12286 --- [           main] .s.d.r.c.RepositoryConfigurationDelegate : Finished Spring Data repository scanning in 239ms. Found 0 repository interfaces.
2019-09-06 23:24:06.428  INFO 12286 --- [           main] .s.d.r.c.RepositoryConfigurationDelegate : Bootstrapping Spring Data repositories in DEFAULT mode.
2019-09-06 23:24:06.483  INFO 12286 --- [           main] .s.d.r.c.RepositoryConfigurationDelegate : Finished Spring Data repository scanning in 54ms. Found 7 repository interfaces.
2019-09-06 23:24:07.013  INFO 12286 --- [           main] trationDelegate$BeanPostProcessorChecker : Bean 'org.springframework.ws.config.annotation.DelegatingWsConfiguration' of type [org.springframework.ws.config.annotation.DelegatingWsConfiguration$$EnhancerBySpringCGLIB$$e1b6a37b] is not eligible for getting processed by all BeanPostProcessors (for example: not eligible for auto-proxying)
2019-09-06 23:24:07.054  INFO 12286 --- [           main] .w.s.a.s.AnnotationActionEndpointMapping : Supporting [WS-Addressing August 2004, WS-Addressing 1.0]
2019-09-06 23:24:07.577  INFO 12286 --- [           main] o.s.b.w.embedded.tomcat.TomcatWebServer  : Tomcat initialized with port(s): 8080 (https)
2019-09-06 23:24:07.629  INFO 12286 --- [           main] o.apache.catalina.core.StandardService   : Starting service [Tomcat]
2019-09-06 23:24:07.630  INFO 12286 --- [           main] org.apache.catalina.core.StandardEngine  : Starting Servlet engine: [Apache Tomcat/9.0.22]
2019-09-06 23:24:07.765  INFO 12286 --- [           main] o.a.c.c.C.[Tomcat].[localhost].[/]       : Initializing Spring embedded WebApplicationContext
2019-09-06 23:24:07.765  INFO 12286 --- [           main] o.s.web.context.ContextLoader            : Root WebApplicationContext: initialization completed in 3225 ms
2019-09-06 23:24:08.183  INFO 12286 --- [           main] org.mongodb.driver.cluster               : Cluster created with settings {hosts=[localhost:27017], mode=SINGLE, requiredClusterType=UNKNOWN, serverSelectionTimeout='30000 ms', maxWaitQueueSize=500}
2019-09-06 23:24:08.265  INFO 12286 --- [localhost:27017] org.mongodb.driver.connection            : Opened connection [connectionId{localValue:1, serverValue:52}] to localhost:27017
2019-09-06 23:24:08.269  INFO 12286 --- [localhost:27017] org.mongodb.driver.cluster               : Monitor thread successfully connected to server with description ServerDescription{address=localhost:27017, type=STANDALONE, state=CONNECTED, ok=true, version=ServerVersion{versionList=[4, 0, 12]}, minWireVersion=0, maxWireVersion=7, maxDocumentSize=16777216, logicalSessionTimeoutMinutes=30, roundTripTimeNanos=2862952}
2019-09-06 23:24:08.664  INFO 12286 --- [           main] org.mongodb.driver.connection            : Opened connection [connectionId{localValue:2, serverValue:53}] to localhost:27017
2019-09-06 23:24:09.577  INFO 12286 --- [           main] pertySourcedRequestMappingHandlerMapping : Mapped URL path [/v2/api-docs] onto method [public org.springframework.http.ResponseEntity<springfox.documentation.spring.web.json.Json> springfox.documentation.swagger2.web.Swagger2Controller.getDocumentation(java.lang.String,javax.servlet.http.HttpServletRequest)]
2019-09-06 23:24:09.801  INFO 12286 --- [           main] o.s.s.concurrent.ThreadPoolTaskExecutor  : Initializing ExecutorService 'applicationTaskExecutor'
2019-09-06 23:24:10.014  INFO 12286 --- [           main] org.mongodb.driver.cluster               : Cluster created with settings {hosts=[localhost:27017], mode=SINGLE, requiredClusterType=UNKNOWN, serverSelectionTimeout='30000 ms', maxWaitQueueSize=500}
2019-09-06 23:24:10.054  INFO 12286 --- [localhost:27017] org.mongodb.driver.connection            : Opened connection [connectionId{localValue:3, serverValue:54}] to localhost:27017
2019-09-06 23:24:10.056  INFO 12286 --- [localhost:27017] org.mongodb.driver.cluster               : Monitor thread successfully connected to server with description ServerDescription{address=localhost:27017, type=STANDALONE, state=CONNECTED, ok=true, version=ServerVersion{versionList=[4, 0, 12]}, minWireVersion=0, maxWireVersion=7, maxDocumentSize=16777216, logicalSessionTimeoutMinutes=30, roundTripTimeNanos=1775257}
2019-09-06 23:24:10.117  INFO 12286 --- [       Thread-6] org.mongodb.driver.connection            : Opened connection [connectionId{localValue:6, serverValue:57}] to localhost:27017
2019-09-06 23:24:10.119  INFO 12286 --- [       Thread-5] org.mongodb.driver.connection            : Opened connection [connectionId{localValue:5, serverValue:56}] to localhost:27017
2019-09-06 23:24:10.129  INFO 12286 --- [       Thread-4] org.mongodb.driver.connection            : Opened connection [connectionId{localValue:4, serverValue:55}] to localhost:27017
2019-09-06 23:24:10.261  INFO 12286 --- [           main] d.s.w.p.DocumentationPluginsBootstrapper : Context refreshed
2019-09-06 23:24:10.287  INFO 12286 --- [           main] d.s.w.p.DocumentationPluginsBootstrapper : Found 1 custom documentation plugin(s)
2019-09-06 23:24:10.331  INFO 12286 --- [           main] s.d.s.w.s.ApiListingReferenceScanner     : Scanning for api listing references
2019-09-06 23:24:10.626  INFO 12286 --- [           main] .d.s.w.r.o.CachingOperationNameGenerator : Generating unique operation named: createUsingPOST_1
2019-09-06 23:24:10.682  INFO 12286 --- [           main] .d.s.w.r.o.CachingOperationNameGenerator : Generating unique operation named: getAllUsingGET_1
2019-09-06 23:24:10.727  INFO 12286 --- [           main] .d.s.w.r.o.CachingOperationNameGenerator : Generating unique operation named: createUsingPOST_2
2019-09-06 23:24:10.751  INFO 12286 --- [           main] .d.s.w.r.o.CachingOperationNameGenerator : Generating unique operation named: createUsingPOST_3
2019-09-06 23:24:10.758  INFO 12286 --- [           main] .d.s.w.r.o.CachingOperationNameGenerator : Generating unique operation named: deleteUsingDELETE_1
2019-09-06 23:24:10.761  INFO 12286 --- [           main] .d.s.w.r.o.CachingOperationNameGenerator : Generating unique operation named: deleteAllUsingDELETE_1
2019-09-06 23:24:10.769  INFO 12286 --- [           main] .d.s.w.r.o.CachingOperationNameGenerator : Generating unique operation named: getAllUsingGET_2
2019-09-06 23:24:10.784  INFO 12286 --- [           main] .d.s.w.r.o.CachingOperationNameGenerator : Generating unique operation named: updateUsingPUT_1
2019-09-06 23:24:10.793  INFO 12286 --- [           main] .d.s.w.r.o.CachingOperationNameGenerator : Generating unique operation named: createUsingPOST_4
2019-09-06 23:24:10.797  INFO 12286 --- [           main] .d.s.w.r.o.CachingOperationNameGenerator : Generating unique operation named: deleteAllUsingDELETE_2
2019-09-06 23:24:10.810  INFO 12286 --- [           main] .d.s.w.r.o.CachingOperationNameGenerator : Generating unique operation named: getAllUsingGET_3
2019-09-06 23:24:10.819  INFO 12286 --- [           main] .d.s.w.r.o.CachingOperationNameGenerator : Generating unique operation named: createUsingPOST_5
2019-09-06 23:24:10.826  INFO 12286 --- [           main] .d.s.w.r.o.CachingOperationNameGenerator : Generating unique operation named: deleteUsingDELETE_2
2019-09-06 23:24:10.832  INFO 12286 --- [           main] .d.s.w.r.o.CachingOperationNameGenerator : Generating unique operation named: getAllUsingGET_4
2019-09-06 23:24:10.843  INFO 12286 --- [           main] .d.s.w.r.o.CachingOperationNameGenerator : Generating unique operation named: updateUsingPUT_2
2019-09-06 23:24:10.858  INFO 12286 --- [           main] .d.s.w.r.o.CachingOperationNameGenerator : Generating unique operation named: createUsingPOST_6
2019-09-06 23:24:10.864  INFO 12286 --- [           main] .d.s.w.r.o.CachingOperationNameGenerator : Generating unique operation named: deleteAllUsingDELETE_3
2019-09-06 23:24:10.873  INFO 12286 --- [           main] .d.s.w.r.o.CachingOperationNameGenerator : Generating unique operation named: findByIdUsingGET_1
2019-09-06 23:24:10.886  INFO 12286 --- [           main] .d.s.w.r.o.CachingOperationNameGenerator : Generating unique operation named: getAllUsingGET_5
2019-09-06 23:24:10.900  INFO 12286 --- [           main] .d.s.w.r.o.CachingOperationNameGenerator : Generating unique operation named: updateUsingPUT_3
2019-09-06 23:24:11.245  INFO 12286 --- [           main] o.s.b.w.embedded.tomcat.TomcatWebServer  : Tomcat started on port(s): 8080 (https) with context path ''
2019-09-06 23:24:11.248  INFO 12286 --- [           main] com.example.demo.DemoApplication         : Started DemoApplication in 7.477 seconds (JVM running for 8.104)
2019-09-06 23:24:20.111  INFO 12286 --- [nio-8080-exec-5] o.a.c.c.C.[Tomcat].[localhost].[/]       : Initializing Spring DispatcherServlet 'dispatcherServlet'
2019-09-06 23:24:20.112  INFO 12286 --- [nio-8080-exec-5] o.s.web.servlet.DispatcherServlet        : Initializing Servlet 'dispatcherServlet'
2019-09-06 23:24:20.124  INFO 12286 --- [nio-8080-exec-5] o.s.web.servlet.DispatcherServlet        : Completed initialization in 12 ms
